Watching for file changes with StatReloader
Watching for file changes with StatReloader
Not Found: /
"GET / HTTP/1.1" 404 2764
Not Found: /favicon.ico
"GET /admin/ HTTP/1.1" 302 0
"GET /admin/login/?next=/admin/ HTTP/1.1" 200 4229
"GET /static/admin/css/dark_mode.css HTTP/1.1" 200 2808
"GET /static/admin/css/nav_sidebar.css HTTP/1.1" 200 2810
"GET /static/admin/js/theme.js HTTP/1.1" 200 1653
"GET /static/admin/css/base.css HTTP/1.1" 200 22120
"GET /static/admin/css/responsive.css HTTP/1.1" 200 16565
"GET /static/admin/css/login.css HTTP/1.1" 200 951
"GET /static/admin/js/nav_sidebar.js HTTP/1.1" 200 3063
"GET /static/admin/js/theme.js HTTP/1.1" 200 1653
"GET /static/admin/js/nav_sidebar.js HTTP/1.1" 200 3063
Watching for file changes with StatReloader
"POST /admin/login/?next=/admin/ HTTP/1.1" 200 4426
"POST /admin/login/?next=/admin/ HTTP/1.1" 200 4426
"POST /admin/login/?next=/admin/ HTTP/1.1" 200 4426
Watching for file changes with StatReloader
"POST /admin/login/?next=/admin/ HTTP/1.1" 200 4425
"GET /static/admin/css/base.css HTTP/1.1" 304 0
"GET /static/admin/js/theme.js HTTP/1.1" 304 0
"GET /static/admin/css/dark_mode.css HTTP/1.1" 304 0
"GET /static/admin/css/nav_sidebar.css HTTP/1.1" 304 0
"GET /static/admin/css/login.css HTTP/1.1" 304 0
"GET /static/admin/js/nav_sidebar.js HTTP/1.1" 304 0
"GET /static/admin/css/responsive.css HTTP/1.1" 304 0
"GET /static/admin/js/theme.js HTTP/1.1" 304 0
"GET /static/admin/js/nav_sidebar.js HTTP/1.1" 304 0
"POST /admin/login/?next=/admin/ HTTP/1.1" 200 4425
"POST /admin/login/?next=/admin/ HTTP/1.1" 302 0
"GET /admin/ HTTP/1.1" 200 10217
"GET /static/admin/css/base.css HTTP/1.1" 304 0
"GET /static/admin/css/dark_mode.css HTTP/1.1" 304 0
"GET /static/admin/js/theme.js HTTP/1.1" 304 0
"GET /static/admin/js/nav_sidebar.js HTTP/1.1" 304 0
"GET /static/admin/css/dashboard.css HTTP/1.1" 200 441
"GET /static/admin/css/nav_sidebar.css HTTP/1.1" 304 0
"GET /static/admin/css/responsive.css HTTP/1.1" 304 0
"GET /static/admin/img/icon-changelink.svg HTTP/1.1" 200 380
"GET /static/admin/img/icon-addlink.svg HTTP/1.1" 200 331
"GET /static/admin/js/theme.js HTTP/1.1" 304 0
"GET /static/admin/js/nav_sidebar.js HTTP/1.1" 304 0
"GET /admin/auth/group/ HTTP/1.1" 200 11284
"GET /static/admin/css/changelists.css HTTP/1.1" 200 6878
"GET /static/admin/js/jquery.init.js HTTP/1.1" 200 347
"GET /static/admin/js/admin/RelatedObjectLookups.js HTTP/1.1" 200 9777
"GET /static/admin/js/urlify.js HTTP/1.1" 200 7887
"GET /static/admin/js/vendor/xregexp/xregexp.js HTTP/1.1" 200 325171
"GET /static/admin/js/core.js HTTP/1.1" 200 6208
"GET /static/admin/js/filters.js HTTP/1.1" 200 978
"GET /static/admin/js/prepopulate.js HTTP/1.1" 200 1531
"GET /static/admin/js/actions.js HTTP/1.1" 200 8076
"GET /static/admin/js/vendor/jquery/jquery.js HTTP/1.1" 200 285314
"GET /admin/jsi18n/ HTTP/1.1" 200 8691
"GET /static/admin/img/search.svg HTTP/1.1" 200 458
"GET /static/admin/js/jquery.init.js HTTP/1.1" 200 347
"GET /static/admin/js/admin/RelatedObjectLookups.js HTTP/1.1" 200 9777
"GET /static/admin/js/core.js HTTP/1.1" 200 6208
"GET /static/admin/js/vendor/xregexp/xregexp.js HTTP/1.1" 200 325171
"GET /static/admin/js/vendor/jquery/jquery.js HTTP/1.1" 200 285314
"GET /static/admin/js/urlify.js HTTP/1.1" 200 7887
"GET /static/admin/js/filters.js HTTP/1.1" 200 978
"GET /static/admin/js/prepopulate.js HTTP/1.1" 200 1531
"GET /admin/jsi18n/ HTTP/1.1" 200 8691
"GET /static/admin/img/tooltag-add.svg HTTP/1.1" 200 331
"GET /admin/destinations/destination/ HTTP/1.1" 200 12775
"GET /admin/jsi18n/ HTTP/1.1" 200 8691
"GET /static/admin/img/icon-viewlink.svg HTTP/1.1" 200 581
"GET /admin/flight_requests/flightrequest/ HTTP/1.1" 200 13657
"GET /admin/jsi18n/ HTTP/1.1" 200 8691
"GET /admin/users/user/ HTTP/1.1" 200 16805
"GET /admin/jsi18n/ HTTP/1.1" 200 8691
"GET /static/admin/img/icon-yes.svg HTTP/1.1" 200 436
"GET /static/admin/img/sorting-icons.svg HTTP/1.1" 200 1097
"GET /admin/users/user/1/change/ HTTP/1.1" 200 29788
"GET /static/admin/css/forms.css HTTP/1.1" 200 8525
"GET /static/admin/js/admin/DateTimeShortcuts.js HTTP/1.1" 200 19319
"GET /static/admin/js/calendar.js HTTP/1.1" 200 9141
"GET /static/admin/js/SelectBox.js HTTP/1.1" 200 4530
"GET /static/admin/js/prepopulate_init.js HTTP/1.1" 200 586
"GET /static/admin/js/SelectFilter2.js HTTP/1.1" 200 15845
"GET /static/admin/js/change_form.js HTTP/1.1" 200 606
"GET /admin/jsi18n/ HTTP/1.1" 200 8691
"GET /static/admin/css/widgets.css HTTP/1.1" 200 11991
"GET /static/admin/img/icon-clock.svg HTTP/1.1" 200 677
"GET /static/admin/img/selector-icons.svg HTTP/1.1" 200 3291
"GET /static/admin/img/icon-calendar.svg HTTP/1.1" 200 1086
"POST /admin/users/user/1/change/ HTTP/1.1" 302 0
"GET /admin/users/user/ HTTP/1.1" 200 17040
"GET /admin/jsi18n/ HTTP/1.1" 200 8691
"GET /admin/authtoken/tokenproxy/ HTTP/1.1" 200 11380
"GET /admin/flight_requests/flightrequest/ HTTP/1.1" 200 13657
"GET /admin/jsi18n/ HTTP/1.1" 200 8691
"GET /admin/flight_requests/flightrequest/add/ HTTP/1.1" 200 24820
"GET /admin/jsi18n/ HTTP/1.1" 200 8691
"GET /static/admin/img/icon-deletelink.svg HTTP/1.1" 200 392
"GET /admin/destinations/destination/ HTTP/1.1" 200 12775
"GET /admin/jsi18n/ HTTP/1.1" 200 8691
"GET /admin/destinations/destination/add/ HTTP/1.1" 200 15805
"GET /admin/jsi18n/ HTTP/1.1" 200 8691
"GET /admin/auth/group/ HTTP/1.1" 200 11284
"GET /admin/jsi18n/ HTTP/1.1" 200 8691
"GET /admin/destinations/destination/ HTTP/1.1" 200 12775
"GET /admin/jsi18n/ HTTP/1.1" 200 8691
"GET /admin/flight_requests/flightrequest/ HTTP/1.1" 200 13657
"GET /admin/jsi18n/ HTTP/1.1" 200 8691
Not Found: / api/
"GET /%20api/ HTTP/1.1" 404 2799
Not Found: /api/
"GET /api/ HTTP/1.1" 404 2982
"GET /admin/ HTTP/1.1" 200 10634
Not Found: /
"GET / HTTP/1.1" 404 2764
"GET /admin/ HTTP/1.1" 200 10634
Not Found: /profile
"GET /profile HTTP/1.1" 404 2803
Not Found: /dashboard
"GET /dashboard HTTP/1.1" 404 2809
"POST /api/auth/login/ HTTP/1.1" 200 264
Not Found: /api/flight-requests/flight-requests/
Not Found: /api/flight-requests/flight-requests/
"GET /api/flight-requests/flight-requests/ HTTP/1.1" 404 3078
"GET /api/flight-requests/flight-requests/ HTTP/1.1" 404 3078
Not Found: /api/destinations/destinations/active_destinations/
Not Found: /api/destinations/destinations/active_destinations/
"GET /api/destinations/destinations/active_destinations/ HTTP/1.1" 404 3120
"GET /api/destinations/destinations/active_destinations/ HTTP/1.1" 404 3120
Not Found: /api/flight-requests/flight-requests/
Not Found: /api/flight-requests/flight-requests/
"GET /api/flight-requests/flight-requests/ HTTP/1.1" 404 3078
"GET /api/flight-requests/flight-requests/ HTTP/1.1" 404 3078
Not Found: /api/destinations/destinations/active_destinations/
"GET /api/destinations/destinations/active_destinations/ HTTP/1.1" 404 3120
Not Found: /api/destinations/destinations/active_destinations/
"GET /api/destinations/destinations/active_destinations/ HTTP/1.1" 404 3120
Not Found: /api/flight-requests/flight-requests/
Not Found: /api/flight-requests/flight-requests/
"GET /api/flight-requests/flight-requests/ HTTP/1.1" 404 3078
"GET /api/flight-requests/flight-requests/ HTTP/1.1" 404 3078
Not Found: /api/destinations/destinations/active_destinations/
Not Found: /api/destinations/destinations/active_destinations/
"GET /api/destinations/destinations/active_destinations/ HTTP/1.1" 404 3120
"GET /api/destinations/destinations/active_destinations/ HTTP/1.1" 404 3120
Not Found: /api/flight-requests/flight-requests/
Not Found: /api/flight-requests/flight-requests/
"GET /api/flight-requests/flight-requests/ HTTP/1.1" 404 3078
"GET /api/flight-requests/flight-requests/ HTTP/1.1" 404 3078
"GET /admin/destinations/destination/ HTTP/1.1" 200 12775
"GET /static/admin/css/base.css HTTP/1.1" 304 0
"GET /static/admin/css/dark_mode.css HTTP/1.1" 304 0
"GET /static/admin/js/theme.js HTTP/1.1" 304 0
"GET /static/admin/css/nav_sidebar.css HTTP/1.1" 304 0
"GET /static/admin/css/changelists.css HTTP/1.1" 304 0
"GET /static/admin/js/nav_sidebar.js HTTP/1.1" 304 0
"GET /static/admin/js/jquery.init.js HTTP/1.1" 304 0
"GET /static/admin/js/vendor/jquery/jquery.js HTTP/1.1" 304 0
"GET /static/admin/js/core.js HTTP/1.1" 304 0
"GET /static/admin/js/admin/RelatedObjectLookups.js HTTP/1.1" 304 0
"GET /admin/jsi18n/ HTTP/1.1" 200 8691
"GET /static/admin/js/actions.js HTTP/1.1" 304 0
"GET /static/admin/js/urlify.js HTTP/1.1" 304 0
"GET /static/admin/js/vendor/xregexp/xregexp.js HTTP/1.1" 304 0
"GET /static/admin/js/prepopulate.js HTTP/1.1" 304 0
"GET /static/admin/js/filters.js HTTP/1.1" 304 0
"GET /static/admin/css/responsive.css HTTP/1.1" 304 0
"GET /static/admin/img/search.svg HTTP/1.1" 304 0
"GET /static/admin/img/icon-viewlink.svg HTTP/1.1" 304 0
"GET /static/admin/img/tooltag-add.svg HTTP/1.1" 304 0
"GET /static/admin/img/icon-addlink.svg HTTP/1.1" 304 0
"GET /admin/destinations/destination/add/ HTTP/1.1" 200 15805
"GET /static/admin/css/forms.css HTTP/1.1" 304 0
"GET /static/admin/js/change_form.js HTTP/1.1" 304 0
"GET /static/admin/js/prepopulate_init.js HTTP/1.1" 304 0
"GET /admin/jsi18n/ HTTP/1.1" 200 8691
"GET /static/admin/css/widgets.css HTTP/1.1" 304 0
"POST /admin/destinations/destination/add/ HTTP/1.1" 302 0
"GET /admin/destinations/destination/add/ HTTP/1.1" 200 16064
"GET /admin/jsi18n/ HTTP/1.1" 200 8691
"GET /static/admin/img/icon-yes.svg HTTP/1.1" 304 0
"POST /admin/destinations/destination/add/ HTTP/1.1" 200 16071
"GET /admin/jsi18n/ HTTP/1.1" 200 8691
Not Found: /api/destinations/destinations/active_destinations/
Not Found: /api/destinations/destinations/active_destinations/
"GET /api/destinations/destinations/active_destinations/ HTTP/1.1" 404 3120
"GET /api/destinations/destinations/active_destinations/ HTTP/1.1" 404 3120
Not Found: /api/destinations/destinations/active_destinations/
"GET /api/destinations/destinations/active_destinations/ HTTP/1.1" 404 3120
Not Found: /api/destinations/destinations/active_destinations/
"GET /api/destinations/destinations/active_destinations/ HTTP/1.1" 404 3120
Not Found: /api/flight-requests/flight-requests/
Not Found: /api/flight-requests/flight-requests/
"GET /api/flight-requests/flight-requests/ HTTP/1.1" 404 3078
"GET /api/flight-requests/flight-requests/ HTTP/1.1" 404 3078
Not Found: /api/flight-requests/flight-requests/
Not Found: /api/flight-requests/flight-requests/
"GET /api/flight-requests/flight-requests/ HTTP/1.1" 404 3078
"GET /api/flight-requests/flight-requests/ HTTP/1.1" 404 3078
Not Found: /api/destinations/destinations/active_destinations/
Not Found: /api/destinations/destinations/active_destinations/
"GET /api/destinations/destinations/active_destinations/ HTTP/1.1" 404 3120
"GET /api/destinations/destinations/active_destinations/ HTTP/1.1" 404 3120
"POST /admin/destinations/destination/add/ HTTP/1.1" 302 0
"GET /admin/destinations/destination/add/ HTTP/1.1" 200 16067
"GET /admin/jsi18n/ HTTP/1.1" 200 8691
"GET /admin/flight_requests/flightrequest/ HTTP/1.1" 200 13987
"GET /admin/jsi18n/ HTTP/1.1" 200 8691
"GET /admin/flight_requests/flightrequest/ HTTP/1.1" 200 13987
"GET /admin/jsi18n/ HTTP/1.1" 200 8691
"GET /admin/destinations/destination/ HTTP/1.1" 200 15623
"GET /admin/jsi18n/ HTTP/1.1" 200 8691
"GET /static/admin/img/sorting-icons.svg HTTP/1.1" 200 1097
"GET /admin/destinations/destination/ HTTP/1.1" 200 15623
"GET /admin/jsi18n/ HTTP/1.1" 200 8691
Not Found: /api/flight-requests/flight-requests/
Not Found: /api/flight-requests/flight-requests/
"GET /api/flight-requests/flight-requests/ HTTP/1.1" 404 3078
"GET /api/flight-requests/flight-requests/ HTTP/1.1" 404 3078
Not Found: /api/flight-requests/flight-requests/
Not Found: /api/flight-requests/flight-requests/
"GET /api/flight-requests/flight-requests/ HTTP/1.1" 404 3078
"GET /api/flight-requests/flight-requests/ HTTP/1.1" 404 3078
Not Found: /api/destinations/destinations/active_destinations/
Not Found: /api/destinations/destinations/active_destinations/
"GET /api/destinations/destinations/active_destinations/ HTTP/1.1" 404 3120
"GET /api/destinations/destinations/active_destinations/ HTTP/1.1" 404 3120
"GET /admin/ HTTP/1.1" 200 11363
"GET /static/admin/css/dashboard.css HTTP/1.1" 200 441
"GET /static/admin/img/icon-changelink.svg HTTP/1.1" 200 380
"GET /admin/destinations/destination/ HTTP/1.1" 200 15623
"GET /admin/jsi18n/ HTTP/1.1" 200 8691
"GET /admin/flight_requests/flightrequest/ HTTP/1.1" 200 13987
"GET /admin/jsi18n/ HTTP/1.1" 200 8691
"GET /admin/authtoken/tokenproxy/ HTTP/1.1" 200 12453
"GET /admin/users/user/ HTTP/1.1" 200 16805
"GET /admin/jsi18n/ HTTP/1.1" 200 8691
"GET /admin/auth/group/ HTTP/1.1" 200 11284
"GET /admin/jsi18n/ HTTP/1.1" 200 8691
Not Found: /api/flight-requests/flight-requests/
Not Found: /api/flight-requests/flight-requests/
"GET /api/flight-requests/flight-requests/ HTTP/1.1" 404 3078
"GET /api/flight-requests/flight-requests/ HTTP/1.1" 404 3078
Not Found: /api/destinations/destinations/active_destinations/
Not Found: /api/destinations/destinations/active_destinations/
"GET /api/destinations/destinations/active_destinations/ HTTP/1.1" 404 3120
"GET /api/destinations/destinations/active_destinations/ HTTP/1.1" 404 3120
Not Found: /api/flight-requests/flight-requests/
"GET /api/flight-requests/flight-requests/ HTTP/1.1" 404 3078
Not Found: /api/flight-requests/flight-requests/
"GET /api/flight-requests/flight-requests/ HTTP/1.1" 404 3078
Not Found: /api/flight-requests/flight-requests/
Not Found: /api/flight-requests/flight-requests/
"GET /api/flight-requests/flight-requests/ HTTP/1.1" 404 3078
"GET /api/flight-requests/flight-requests/ HTTP/1.1" 404 3078
Not Found: /api/destinations/destinations/active_destinations/
Not Found: /api/destinations/destinations/active_destinations/
"GET /api/destinations/destinations/active_destinations/ HTTP/1.1" 404 3120
"GET /api/destinations/destinations/active_destinations/ HTTP/1.1" 404 3120
Not Found: /api/flight-requests/flight-requests/
Not Found: /api/flight-requests/flight-requests/
"GET /api/flight-requests/flight-requests/ HTTP/1.1" 404 3078
"GET /api/flight-requests/flight-requests/ HTTP/1.1" 404 3078
Not Found: /api/flight-requests/flight-requests/
Not Found: /api/flight-requests/flight-requests/
"GET /api/flight-requests/flight-requests/ HTTP/1.1" 404 3078
"GET /api/flight-requests/flight-requests/ HTTP/1.1" 404 3078
Not Found: /api/flight-requests/flight-requests/
"GET /api/flight-requests/flight-requests/ HTTP/1.1" 404 3078
"GET /static/js/utilities.js HTTP/1.1" 404 1859
"GET /static/images/410.jpeg HTTP/1.1" 404 1859
"GET /static/js/error-handlers.js HTTP/1.1" 404 1874
"GET /static/favicons/favicon-32x32.png HTTP/1.1" 404 1892
"GET /static/js/otras-funciones.js HTTP/1.1" 404 1877
"GET /static/js/location-filter.js HTTP/1.1" 404 1877
Not Found: /api/destinations/destinations/active_destinations/
"GET /api/destinations/destinations/active_destinations/ HTTP/1.1" 404 3120
Not Found: /api/destinations/destinations/
"GET /api/destinations/destinations/ HTTP/1.1" 404 3060
Not Found: /api/destinations/
"GET /api/destinations/ HTTP/1.1" 404 3021
Not Found: /api/
"GET /api/ HTTP/1.1" 404 2982
Not Found: /
"GET / HTTP/1.1" 404 2764
/home/daniel/Dropbox/PruebasTecnicas/SoftwareEvolutivo/EvolutionFlyApp/evolutionflyapp/destinations/views.py changed, reloading.
Watching for file changes with StatReloader
/home/daniel/Dropbox/PruebasTecnicas/SoftwareEvolutivo/EvolutionFlyApp/evolutionflyapp/destinations/views.py changed, reloading.
Watching for file changes with StatReloader
Not Found: /api/flight-requests/flight-requests/
Not Found: /api/flight-requests/flight-requests/
"GET /api/flight-requests/flight-requests/ HTTP/1.1" 404 3078
"GET /api/flight-requests/flight-requests/ HTTP/1.1" 404 3078
Not Found: /api/flight-requests/flight-requests/
Not Found: /api/flight-requests/flight-requests/
"GET /api/flight-requests/flight-requests/ HTTP/1.1" 404 3078
"GET /api/flight-requests/flight-requests/ HTTP/1.1" 404 3078
Not Found: /
"GET / HTTP/1.1" 404 2764
Not Found: /api
"GET /api HTTP/1.1" 404 2791
Not Found: /api/destinations/active-destinations/
"GET /api/destinations/active-destinations/ HTTP/1.1" 404 3081
Not Found: /api/destinations/active-destinations/
"GET /api/destinations/active-destinations/ HTTP/1.1" 404 3081
/home/daniel/Dropbox/PruebasTecnicas/SoftwareEvolutivo/EvolutionFlyApp/evolutionflyapp/evolutionflyapp/settings.py changed, reloading.
Watching for file changes with StatReloader
/home/daniel/Dropbox/PruebasTecnicas/SoftwareEvolutivo/EvolutionFlyApp/evolutionflyapp/evolutionflyapp/urls.py changed, reloading.
Watching for file changes with StatReloader
Not Found: /api/destinations/active-destinations/
"GET /api/destinations/active-destinations/ HTTP/1.1" 404 2840
Not Found: /api/
"GET /api/ HTTP/1.1" 404 2741
Not Found: /dashboard
"GET /dashboard HTTP/1.1" 404 2662
Not Found: /favicon.ico
/home/daniel/Dropbox/PruebasTecnicas/SoftwareEvolutivo/EvolutionFlyApp/evolutionflyapp/evolutionflyapp/urls.py changed, reloading.
Watching for file changes with StatReloader
Watching for file changes with StatReloader
Not Found: /
"GET / HTTP/1.1" 404 2764
Not Found: /favicon.ico
Not Found: /api/flight-requests/flight-requests/
"GET /api/flight-requests/flight-requests/ HTTP/1.1" 404 3078
Not Found: /api/flight-requests/flight-requests/
"GET /api/flight-requests/flight-requests/ HTTP/1.1" 404 3078
/home/daniel/Dropbox/PruebasTecnicas/SoftwareEvolutivo/EvolutionFlyApp/evolutionflyapp/evolutionflyapp/urls.py changed, reloading.
Watching for file changes with StatReloader
/home/daniel/Dropbox/PruebasTecnicas/SoftwareEvolutivo/EvolutionFlyApp/evolutionflyapp/destinations/urls.py changed, reloading.
Watching for file changes with StatReloader
/home/daniel/Dropbox/PruebasTecnicas/SoftwareEvolutivo/EvolutionFlyApp/evolutionflyapp/flight_requests/urls.py changed, reloading.
Watching for file changes with StatReloader
Not Found: /api/flight-requests/flight-requests/
Not Found: /api/flight-requests/flight-requests/
"GET /api/flight-requests/flight-requests/ HTTP/1.1" 404 27
"GET /api/flight-requests/flight-requests/ HTTP/1.1" 404 27
"GET /api/flight-requests/ HTTP/1.1" 200 52
"GET /api/flight-requests/ HTTP/1.1" 200 52
Watching for file changes with StatReloader
Watching for file changes with StatReloader
Not Found: /
"GET / HTTP/1.1" 404 2793
Not Found: /favicon.ico
/home/daniel/Dropbox/PruebasTecnicas/SoftwareEvolutivo/EvolutionFlyApp/evolutionflyapp/destinations/urls.py changed, reloading.
Watching for file changes with StatReloader
Watching for file changes with StatReloader
"GET /api/flight-requests/ HTTP/1.1" 200 52
"GET /api/flight-requests/ HTTP/1.1" 200 52
Internal Server Error: /api/destinations/destinations/active-destinations/
Traceback (most recent call last):
  File "/home/daniel/miniconda3/lib/python3.12/site-packages/django_redis/cache.py", line 29, in _decorator
    return method(self, *args, **kwargs)
           ^^^^^^^^^^^^^^^^^^^^^^^^^^^^^
  File "/home/daniel/miniconda3/lib/python3.12/site-packages/django_redis/cache.py", line 99, in _get
    return self.client.get(key, default=default, version=version, client=client)
           ^^^^^^^^^^^^^^^^^^^^^^^^^^^^^^^^^^^^^^^^^^^^^^^^^^^^^^^^^^^^^^^^^^^^^
  File "/home/daniel/miniconda3/lib/python3.12/site-packages/django_redis/client/default.py", line 260, in get
    raise ConnectionInterrupted(connection=client) from e
django_redis.exceptions.ConnectionInterrupted: Redis ConnectionError: Error 111 connecting to localhost:6379. Connection refused.

During handling of the above exception, another exception occurred:

Traceback (most recent call last):
  File "/home/daniel/miniconda3/lib/python3.12/site-packages/django/core/handlers/exception.py", line 55, in inner
    response = get_response(request)
               ^^^^^^^^^^^^^^^^^^^^^
  File "/home/daniel/miniconda3/lib/python3.12/site-packages/django/core/handlers/base.py", line 197, in _get_response
    response = wrapped_callback(request, *callback_args, **callback_kwargs)
               ^^^^^^^^^^^^^^^^^^^^^^^^^^^^^^^^^^^^^^^^^^^^^^^^^^^^^^^^^^^^
  File "/home/daniel/miniconda3/lib/python3.12/site-packages/django/views/decorators/csrf.py", line 65, in _view_wrapper
    return view_func(request, *args, **kwargs)
           ^^^^^^^^^^^^^^^^^^^^^^^^^^^^^^^^^^^
  File "/home/daniel/miniconda3/lib/python3.12/site-packages/rest_framework/viewsets.py", line 124, in view
    return self.dispatch(request, *args, **kwargs)
           ^^^^^^^^^^^^^^^^^^^^^^^^^^^^^^^^^^^^^^^
  File "/home/daniel/miniconda3/lib/python3.12/site-packages/rest_framework/views.py", line 509, in dispatch
    response = self.handle_exception(exc)
               ^^^^^^^^^^^^^^^^^^^^^^^^^^
  File "/home/daniel/miniconda3/lib/python3.12/site-packages/rest_framework/views.py", line 469, in handle_exception
    self.raise_uncaught_exception(exc)
  File "/home/daniel/miniconda3/lib/python3.12/site-packages/rest_framework/views.py", line 480, in raise_uncaught_exception
    raise exc
  File "/home/daniel/miniconda3/lib/python3.12/site-packages/rest_framework/views.py", line 506, in dispatch
    response = handler(request, *args, **kwargs)
               ^^^^^^^^^^^^^^^^^^^^^^^^^^^^^^^^^
  File "/home/daniel/Dropbox/PruebasTecnicas/SoftwareEvolutivo/EvolutionFlyApp/evolutionflyapp/destinations/views.py", line 27, in active_destinations
    destinations = cache.get(cache_key)
                   ^^^^^^^^^^^^^^^^^^^^
  File "/home/daniel/miniconda3/lib/python3.12/site-packages/django_redis/cache.py", line 92, in get
    value = self._get(key, default, version, client)
            ^^^^^^^^^^^^^^^^^^^^^^^^^^^^^^^^^^^^^^^^
  File "/home/daniel/miniconda3/lib/python3.12/site-packages/django_redis/cache.py", line 36, in _decorator
    raise e.__cause__
  File "/home/daniel/miniconda3/lib/python3.12/site-packages/django_redis/client/default.py", line 258, in get
    value = client.get(key)
            ^^^^^^^^^^^^^^^
  File "/home/daniel/miniconda3/lib/python3.12/site-packages/redis/commands/core.py", line 1829, in get
    return self.execute_command("GET", name)
           ^^^^^^^^^^^^^^^^^^^^^^^^^^^^^^^^^
  File "/home/daniel/miniconda3/lib/python3.12/site-packages/redis/client.py", line 533, in execute_command
    conn = self.connection or pool.get_connection(command_name, **options)
                              ^^^^^^^^^^^^^^^^^^^^^^^^^^^^^^^^^^^^^^^^^^^^
  File "/home/daniel/miniconda3/lib/python3.12/site-packages/redis/connection.py", line 1086, in get_connection
    connection.connect()
  File "/home/daniel/miniconda3/lib/python3.12/site-packages/redis/connection.py", line 270, in connect
    raise ConnectionError(self._error_message(e))
redis.exceptions.ConnectionError: Error 111 connecting to localhost:6379. Connection refused.
Internal Server Error: /api/destinations/destinations/active-destinations/
Traceback (most recent call last):
  File "/home/daniel/miniconda3/lib/python3.12/site-packages/django_redis/cache.py", line 29, in _decorator
    return method(self, *args, **kwargs)
           ^^^^^^^^^^^^^^^^^^^^^^^^^^^^^
  File "/home/daniel/miniconda3/lib/python3.12/site-packages/django_redis/cache.py", line 99, in _get
    return self.client.get(key, default=default, version=version, client=client)
           ^^^^^^^^^^^^^^^^^^^^^^^^^^^^^^^^^^^^^^^^^^^^^^^^^^^^^^^^^^^^^^^^^^^^^
  File "/home/daniel/miniconda3/lib/python3.12/site-packages/django_redis/client/default.py", line 260, in get
    raise ConnectionInterrupted(connection=client) from e
django_redis.exceptions.ConnectionInterrupted: Redis ConnectionError: Error 111 connecting to localhost:6379. Connection refused.

During handling of the above exception, another exception occurred:

Traceback (most recent call last):
  File "/home/daniel/miniconda3/lib/python3.12/site-packages/django/core/handlers/exception.py", line 55, in inner
    response = get_response(request)
               ^^^^^^^^^^^^^^^^^^^^^
  File "/home/daniel/miniconda3/lib/python3.12/site-packages/django/core/handlers/base.py", line 197, in _get_response
    response = wrapped_callback(request, *callback_args, **callback_kwargs)
               ^^^^^^^^^^^^^^^^^^^^^^^^^^^^^^^^^^^^^^^^^^^^^^^^^^^^^^^^^^^^
  File "/home/daniel/miniconda3/lib/python3.12/site-packages/django/views/decorators/csrf.py", line 65, in _view_wrapper
    return view_func(request, *args, **kwargs)
           ^^^^^^^^^^^^^^^^^^^^^^^^^^^^^^^^^^^
  File "/home/daniel/miniconda3/lib/python3.12/site-packages/rest_framework/viewsets.py", line 124, in view
    return self.dispatch(request, *args, **kwargs)
           ^^^^^^^^^^^^^^^^^^^^^^^^^^^^^^^^^^^^^^^
  File "/home/daniel/miniconda3/lib/python3.12/site-packages/rest_framework/views.py", line 509, in dispatch
    response = self.handle_exception(exc)
               ^^^^^^^^^^^^^^^^^^^^^^^^^^
  File "/home/daniel/miniconda3/lib/python3.12/site-packages/rest_framework/views.py", line 469, in handle_exception
    self.raise_uncaught_exception(exc)
  File "/home/daniel/miniconda3/lib/python3.12/site-packages/rest_framework/views.py", line 480, in raise_uncaught_exception
    raise exc
  File "/home/daniel/miniconda3/lib/python3.12/site-packages/rest_framework/views.py", line 506, in dispatch
    response = handler(request, *args, **kwargs)
               ^^^^^^^^^^^^^^^^^^^^^^^^^^^^^^^^^
  File "/home/daniel/Dropbox/PruebasTecnicas/SoftwareEvolutivo/EvolutionFlyApp/evolutionflyapp/destinations/views.py", line 27, in active_destinations
    destinations = cache.get(cache_key)
                   ^^^^^^^^^^^^^^^^^^^^
  File "/home/daniel/miniconda3/lib/python3.12/site-packages/django_redis/cache.py", line 92, in get
    value = self._get(key, default, version, client)
            ^^^^^^^^^^^^^^^^^^^^^^^^^^^^^^^^^^^^^^^^
  File "/home/daniel/miniconda3/lib/python3.12/site-packages/django_redis/cache.py", line 36, in _decorator
    raise e.__cause__
  File "/home/daniel/miniconda3/lib/python3.12/site-packages/django_redis/client/default.py", line 258, in get
    value = client.get(key)
            ^^^^^^^^^^^^^^^
  File "/home/daniel/miniconda3/lib/python3.12/site-packages/redis/commands/core.py", line 1829, in get
    return self.execute_command("GET", name)
           ^^^^^^^^^^^^^^^^^^^^^^^^^^^^^^^^^
  File "/home/daniel/miniconda3/lib/python3.12/site-packages/redis/client.py", line 533, in execute_command
    conn = self.connection or pool.get_connection(command_name, **options)
                              ^^^^^^^^^^^^^^^^^^^^^^^^^^^^^^^^^^^^^^^^^^^^
  File "/home/daniel/miniconda3/lib/python3.12/site-packages/redis/connection.py", line 1086, in get_connection
    connection.connect()
  File "/home/daniel/miniconda3/lib/python3.12/site-packages/redis/connection.py", line 270, in connect
    raise ConnectionError(self._error_message(e))
redis.exceptions.ConnectionError: Error 111 connecting to localhost:6379. Connection refused.
"GET /api/destinations/destinations/active-destinations/ HTTP/1.1" 500 148087
"GET /api/destinations/destinations/active-destinations/ HTTP/1.1" 500 148087
"GET /api/flight-requests/ HTTP/1.1" 200 52
"GET /api/flight-requests/ HTTP/1.1" 200 52
"GET /admin/ HTTP/1.1" 302 0
"GET /admin/login/?next=/admin/ HTTP/1.1" 200 4229
"GET /static/admin/js/theme.js HTTP/1.1" 304 0
"GET /static/admin/css/dark_mode.css HTTP/1.1" 200 2808
"GET /static/admin/js/nav_sidebar.js HTTP/1.1" 304 0
"GET /static/admin/css/login.css HTTP/1.1" 200 951
"GET /static/admin/css/responsive.css HTTP/1.1" 200 16565
"GET /static/admin/css/base.css HTTP/1.1" 200 22120
"GET /static/admin/css/nav_sidebar.css HTTP/1.1" 200 2810
"GET /static/admin/js/theme.js HTTP/1.1" 200 1653
"GET /static/admin/js/nav_sidebar.js HTTP/1.1" 200 3063
Internal Server Error: /admin/login/
Traceback (most recent call last):
  File "/home/daniel/miniconda3/lib/python3.12/site-packages/django_redis/cache.py", line 29, in _decorator
    return method(self, *args, **kwargs)
           ^^^^^^^^^^^^^^^^^^^^^^^^^^^^^
  File "/home/daniel/miniconda3/lib/python3.12/site-packages/django_redis/cache.py", line 138, in has_key
    return self.client.has_key(*args, **kwargs)
           ^^^^^^^^^^^^^^^^^^^^^^^^^^^^^^^^^^^^
  File "/home/daniel/miniconda3/lib/python3.12/site-packages/django_redis/client/default.py", line 670, in has_key
    raise ConnectionInterrupted(connection=client) from e
django_redis.exceptions.ConnectionInterrupted: Redis ConnectionError: Error 111 connecting to localhost:6379. Connection refused.

During handling of the above exception, another exception occurred:

Traceback (most recent call last):
  File "/home/daniel/miniconda3/lib/python3.12/site-packages/django/core/handlers/exception.py", line 55, in inner
    response = get_response(request)
               ^^^^^^^^^^^^^^^^^^^^^
  File "/home/daniel/miniconda3/lib/python3.12/site-packages/django/core/handlers/base.py", line 197, in _get_response
    response = wrapped_callback(request, *callback_args, **callback_kwargs)
               ^^^^^^^^^^^^^^^^^^^^^^^^^^^^^^^^^^^^^^^^^^^^^^^^^^^^^^^^^^^^
  File "/home/daniel/miniconda3/lib/python3.12/site-packages/django/utils/decorators.py", line 48, in _wrapper
    return bound_method(*args, **kwargs)
           ^^^^^^^^^^^^^^^^^^^^^^^^^^^^^
  File "/home/daniel/miniconda3/lib/python3.12/site-packages/django/views/decorators/cache.py", line 80, in _view_wrapper
    response = view_func(request, *args, **kwargs)
               ^^^^^^^^^^^^^^^^^^^^^^^^^^^^^^^^^^^
  File "/home/daniel/miniconda3/lib/python3.12/site-packages/django/contrib/admin/sites.py", line 449, in login
    return LoginView.as_view(**defaults)(request)
           ^^^^^^^^^^^^^^^^^^^^^^^^^^^^^^^^^^^^^^
  File "/home/daniel/miniconda3/lib/python3.12/site-packages/django/views/generic/base.py", line 105, in view
    return self.dispatch(request, *args, **kwargs)
           ^^^^^^^^^^^^^^^^^^^^^^^^^^^^^^^^^^^^^^^
  File "/home/daniel/miniconda3/lib/python3.12/site-packages/django/utils/decorators.py", line 48, in _wrapper
    return bound_method(*args, **kwargs)
           ^^^^^^^^^^^^^^^^^^^^^^^^^^^^^
  File "/home/daniel/miniconda3/lib/python3.12/site-packages/django/utils/decorators.py", line 48, in _wrapper
    return bound_method(*args, **kwargs)
           ^^^^^^^^^^^^^^^^^^^^^^^^^^^^^
  File "/home/daniel/miniconda3/lib/python3.12/site-packages/django/views/decorators/debug.py", line 143, in sensitive_post_parameters_wrapper
    return view(request, *args, **kwargs)
           ^^^^^^^^^^^^^^^^^^^^^^^^^^^^^^
  File "/home/daniel/miniconda3/lib/python3.12/site-packages/django/utils/decorators.py", line 48, in _wrapper
    return bound_method(*args, **kwargs)
           ^^^^^^^^^^^^^^^^^^^^^^^^^^^^^
  File "/home/daniel/miniconda3/lib/python3.12/site-packages/django/utils/decorators.py", line 192, in _view_wrapper
    result = _process_exception(request, e)
             ^^^^^^^^^^^^^^^^^^^^^^^^^^^^^^
  File "/home/daniel/miniconda3/lib/python3.12/site-packages/django/utils/decorators.py", line 190, in _view_wrapper
    response = view_func(request, *args, **kwargs)
               ^^^^^^^^^^^^^^^^^^^^^^^^^^^^^^^^^^^
  File "/home/daniel/miniconda3/lib/python3.12/site-packages/django/utils/decorators.py", line 48, in _wrapper
    return bound_method(*args, **kwargs)
           ^^^^^^^^^^^^^^^^^^^^^^^^^^^^^
  File "/home/daniel/miniconda3/lib/python3.12/site-packages/django/views/decorators/cache.py", line 80, in _view_wrapper
    response = view_func(request, *args, **kwargs)
               ^^^^^^^^^^^^^^^^^^^^^^^^^^^^^^^^^^^
  File "/home/daniel/miniconda3/lib/python3.12/site-packages/django/contrib/auth/views.py", line 89, in dispatch
    return super().dispatch(request, *args, **kwargs)
           ^^^^^^^^^^^^^^^^^^^^^^^^^^^^^^^^^^^^^^^^^^
  File "/home/daniel/miniconda3/lib/python3.12/site-packages/django/views/generic/base.py", line 144, in dispatch
    return handler(request, *args, **kwargs)
           ^^^^^^^^^^^^^^^^^^^^^^^^^^^^^^^^^
  File "/home/daniel/miniconda3/lib/python3.12/site-packages/django/views/generic/edit.py", line 151, in post
    return self.form_valid(form)
           ^^^^^^^^^^^^^^^^^^^^^
  File "/home/daniel/miniconda3/lib/python3.12/site-packages/django/contrib/auth/views.py", line 108, in form_valid
    auth_login(self.request, form.get_user())
  File "/home/daniel/miniconda3/lib/python3.12/site-packages/django/contrib/auth/__init__.py", line 187, in login
    request.session.cycle_key()
  File "/home/daniel/miniconda3/lib/python3.12/site-packages/django/contrib/sessions/backends/base.py", line 432, in cycle_key
    self.create()
  File "/home/daniel/miniconda3/lib/python3.12/site-packages/django/contrib/sessions/backends/cache.py", line 55, in create
    self._session_key = self._get_new_session_key()
                        ^^^^^^^^^^^^^^^^^^^^^^^^^^^
  File "/home/daniel/miniconda3/lib/python3.12/site-packages/django/contrib/sessions/backends/base.py", line 196, in _get_new_session_key
    if not self.exists(session_key):
           ^^^^^^^^^^^^^^^^^^^^^^^^
  File "/home/daniel/miniconda3/lib/python3.12/site-packages/django/contrib/sessions/backends/cache.py", line 117, in exists
    bool(session_key) and (self.cache_key_prefix + session_key) in self._cache
                          ^^^^^^^^^^^^^^^^^^^^^^^^^^^^^^^^^^^^^^^^^^^^^^^^^^^^
  File "/home/daniel/miniconda3/lib/python3.12/site-packages/django/core/cache/backends/base.py", line 301, in __contains__
    return self.has_key(key)
           ^^^^^^^^^^^^^^^^^
  File "/home/daniel/miniconda3/lib/python3.12/site-packages/django_redis/cache.py", line 36, in _decorator
    raise e.__cause__
  File "/home/daniel/miniconda3/lib/python3.12/site-packages/django_redis/client/default.py", line 668, in has_key
    return client.exists(key) == 1
           ^^^^^^^^^^^^^^^^^^
  File "/home/daniel/miniconda3/lib/python3.12/site-packages/redis/commands/core.py", line 1736, in exists
    return self.execute_command("EXISTS", *names)
           ^^^^^^^^^^^^^^^^^^^^^^^^^^^^^^^^^^^^^^
  File "/home/daniel/miniconda3/lib/python3.12/site-packages/redis/client.py", line 533, in execute_command
    conn = self.connection or pool.get_connection(command_name, **options)
                              ^^^^^^^^^^^^^^^^^^^^^^^^^^^^^^^^^^^^^^^^^^^^
  File "/home/daniel/miniconda3/lib/python3.12/site-packages/redis/connection.py", line 1086, in get_connection
    connection.connect()
  File "/home/daniel/miniconda3/lib/python3.12/site-packages/redis/connection.py", line 270, in connect
    raise ConnectionError(self._error_message(e))
redis.exceptions.ConnectionError: Error 111 connecting to localhost:6379. Connection refused.
"POST /admin/login/?next=/admin/ HTTP/1.1" 500 217280
Watching for file changes with StatReloader
"GET /admin/login/?next=/admin/ HTTP/1.1" 200 4229
"GET /api/flight-requests/ HTTP/1.1" 200 52
"GET /api/flight-requests/ HTTP/1.1" 200 52
Internal Server Error: /api/destinations/destinations/active-destinations/
Traceback (most recent call last):
  File "/home/daniel/miniconda3/lib/python3.12/site-packages/django_redis/cache.py", line 29, in _decorator
    return method(self, *args, **kwargs)
           ^^^^^^^^^^^^^^^^^^^^^^^^^^^^^
  File "/home/daniel/miniconda3/lib/python3.12/site-packages/django_redis/cache.py", line 99, in _get
    return self.client.get(key, default=default, version=version, client=client)
           ^^^^^^^^^^^^^^^^^^^^^^^^^^^^^^^^^^^^^^^^^^^^^^^^^^^^^^^^^^^^^^^^^^^^^
  File "/home/daniel/miniconda3/lib/python3.12/site-packages/django_redis/client/default.py", line 260, in get
    raise ConnectionInterrupted(connection=client) from e
django_redis.exceptions.ConnectionInterrupted: Redis ConnectionError: Error 111 connecting to localhost:6379. Connection refused.

During handling of the above exception, another exception occurred:

Traceback (most recent call last):
  File "/home/daniel/miniconda3/lib/python3.12/site-packages/django/core/handlers/exception.py", line 55, in inner
    response = get_response(request)
               ^^^^^^^^^^^^^^^^^^^^^
  File "/home/daniel/miniconda3/lib/python3.12/site-packages/django/core/handlers/base.py", line 197, in _get_response
    response = wrapped_callback(request, *callback_args, **callback_kwargs)
               ^^^^^^^^^^^^^^^^^^^^^^^^^^^^^^^^^^^^^^^^^^^^^^^^^^^^^^^^^^^^
  File "/home/daniel/miniconda3/lib/python3.12/site-packages/django/views/decorators/csrf.py", line 65, in _view_wrapper
    return view_func(request, *args, **kwargs)
           ^^^^^^^^^^^^^^^^^^^^^^^^^^^^^^^^^^^
  File "/home/daniel/miniconda3/lib/python3.12/site-packages/rest_framework/viewsets.py", line 124, in view
    return self.dispatch(request, *args, **kwargs)
           ^^^^^^^^^^^^^^^^^^^^^^^^^^^^^^^^^^^^^^^
  File "/home/daniel/miniconda3/lib/python3.12/site-packages/rest_framework/views.py", line 509, in dispatch
    response = self.handle_exception(exc)
               ^^^^^^^^^^^^^^^^^^^^^^^^^^
  File "/home/daniel/miniconda3/lib/python3.12/site-packages/rest_framework/views.py", line 469, in handle_exception
    self.raise_uncaught_exception(exc)
  File "/home/daniel/miniconda3/lib/python3.12/site-packages/rest_framework/views.py", line 480, in raise_uncaught_exception
    raise exc
  File "/home/daniel/miniconda3/lib/python3.12/site-packages/rest_framework/views.py", line 506, in dispatch
    response = handler(request, *args, **kwargs)
               ^^^^^^^^^^^^^^^^^^^^^^^^^^^^^^^^^
  File "/home/daniel/Dropbox/PruebasTecnicas/SoftwareEvolutivo/EvolutionFlyApp/evolutionflyapp/destinations/views.py", line 27, in active_destinations
    destinations = cache.get(cache_key)
                   ^^^^^^^^^^^^^^^^^^^^
  File "/home/daniel/miniconda3/lib/python3.12/site-packages/django_redis/cache.py", line 92, in get
    value = self._get(key, default, version, client)
            ^^^^^^^^^^^^^^^^^^^^^^^^^^^^^^^^^^^^^^^^
  File "/home/daniel/miniconda3/lib/python3.12/site-packages/django_redis/cache.py", line 36, in _decorator
    raise e.__cause__
  File "/home/daniel/miniconda3/lib/python3.12/site-packages/django_redis/client/default.py", line 258, in get
    value = client.get(key)
            ^^^^^^^^^^^^^^^
  File "/home/daniel/miniconda3/lib/python3.12/site-packages/redis/commands/core.py", line 1829, in get
    return self.execute_command("GET", name)
           ^^^^^^^^^^^^^^^^^^^^^^^^^^^^^^^^^
  File "/home/daniel/miniconda3/lib/python3.12/site-packages/redis/client.py", line 533, in execute_command
    conn = self.connection or pool.get_connection(command_name, **options)
                              ^^^^^^^^^^^^^^^^^^^^^^^^^^^^^^^^^^^^^^^^^^^^
  File "/home/daniel/miniconda3/lib/python3.12/site-packages/redis/connection.py", line 1086, in get_connection
    connection.connect()
  File "/home/daniel/miniconda3/lib/python3.12/site-packages/redis/connection.py", line 270, in connect
    raise ConnectionError(self._error_message(e))
redis.exceptions.ConnectionError: Error 111 connecting to localhost:6379. Connection refused.
"GET /api/destinations/destinations/active-destinations/ HTTP/1.1" 500 148087
Internal Server Error: /api/destinations/destinations/active-destinations/
Traceback (most recent call last):
  File "/home/daniel/miniconda3/lib/python3.12/site-packages/django_redis/cache.py", line 29, in _decorator
    return method(self, *args, **kwargs)
           ^^^^^^^^^^^^^^^^^^^^^^^^^^^^^
  File "/home/daniel/miniconda3/lib/python3.12/site-packages/django_redis/cache.py", line 99, in _get
    return self.client.get(key, default=default, version=version, client=client)
           ^^^^^^^^^^^^^^^^^^^^^^^^^^^^^^^^^^^^^^^^^^^^^^^^^^^^^^^^^^^^^^^^^^^^^
  File "/home/daniel/miniconda3/lib/python3.12/site-packages/django_redis/client/default.py", line 260, in get
    raise ConnectionInterrupted(connection=client) from e
django_redis.exceptions.ConnectionInterrupted: Redis ConnectionError: Error 111 connecting to localhost:6379. Connection refused.

During handling of the above exception, another exception occurred:

Traceback (most recent call last):
  File "/home/daniel/miniconda3/lib/python3.12/site-packages/django/core/handlers/exception.py", line 55, in inner
    response = get_response(request)
               ^^^^^^^^^^^^^^^^^^^^^
  File "/home/daniel/miniconda3/lib/python3.12/site-packages/django/core/handlers/base.py", line 197, in _get_response
    response = wrapped_callback(request, *callback_args, **callback_kwargs)
               ^^^^^^^^^^^^^^^^^^^^^^^^^^^^^^^^^^^^^^^^^^^^^^^^^^^^^^^^^^^^
  File "/home/daniel/miniconda3/lib/python3.12/site-packages/django/views/decorators/csrf.py", line 65, in _view_wrapper
    return view_func(request, *args, **kwargs)
           ^^^^^^^^^^^^^^^^^^^^^^^^^^^^^^^^^^^
  File "/home/daniel/miniconda3/lib/python3.12/site-packages/rest_framework/viewsets.py", line 124, in view
    return self.dispatch(request, *args, **kwargs)
           ^^^^^^^^^^^^^^^^^^^^^^^^^^^^^^^^^^^^^^^
  File "/home/daniel/miniconda3/lib/python3.12/site-packages/rest_framework/views.py", line 509, in dispatch
    response = self.handle_exception(exc)
               ^^^^^^^^^^^^^^^^^^^^^^^^^^
  File "/home/daniel/miniconda3/lib/python3.12/site-packages/rest_framework/views.py", line 469, in handle_exception
    self.raise_uncaught_exception(exc)
  File "/home/daniel/miniconda3/lib/python3.12/site-packages/rest_framework/views.py", line 480, in raise_uncaught_exception
    raise exc
  File "/home/daniel/miniconda3/lib/python3.12/site-packages/rest_framework/views.py", line 506, in dispatch
    response = handler(request, *args, **kwargs)
               ^^^^^^^^^^^^^^^^^^^^^^^^^^^^^^^^^
  File "/home/daniel/Dropbox/PruebasTecnicas/SoftwareEvolutivo/EvolutionFlyApp/evolutionflyapp/destinations/views.py", line 27, in active_destinations
    destinations = cache.get(cache_key)
                   ^^^^^^^^^^^^^^^^^^^^
  File "/home/daniel/miniconda3/lib/python3.12/site-packages/django_redis/cache.py", line 92, in get
    value = self._get(key, default, version, client)
            ^^^^^^^^^^^^^^^^^^^^^^^^^^^^^^^^^^^^^^^^
  File "/home/daniel/miniconda3/lib/python3.12/site-packages/django_redis/cache.py", line 36, in _decorator
    raise e.__cause__
  File "/home/daniel/miniconda3/lib/python3.12/site-packages/django_redis/client/default.py", line 258, in get
    value = client.get(key)
            ^^^^^^^^^^^^^^^
  File "/home/daniel/miniconda3/lib/python3.12/site-packages/redis/commands/core.py", line 1829, in get
    return self.execute_command("GET", name)
           ^^^^^^^^^^^^^^^^^^^^^^^^^^^^^^^^^
  File "/home/daniel/miniconda3/lib/python3.12/site-packages/redis/client.py", line 533, in execute_command
    conn = self.connection or pool.get_connection(command_name, **options)
                              ^^^^^^^^^^^^^^^^^^^^^^^^^^^^^^^^^^^^^^^^^^^^
  File "/home/daniel/miniconda3/lib/python3.12/site-packages/redis/connection.py", line 1086, in get_connection
    connection.connect()
  File "/home/daniel/miniconda3/lib/python3.12/site-packages/redis/connection.py", line 270, in connect
    raise ConnectionError(self._error_message(e))
redis.exceptions.ConnectionError: Error 111 connecting to localhost:6379. Connection refused.
"GET /api/destinations/destinations/active-destinations/ HTTP/1.1" 500 148087
Watching for file changes with StatReloader
Watching for file changes with StatReloader
Not Found: /
"GET / HTTP/1.1" 404 2793
Forbidden: /api/destinations/
"GET /api/destinations/ HTTP/1.1" 403 65
Internal Server Error: /admin/login/
Traceback (most recent call last):
  File "/home/daniel/miniconda3/lib/python3.12/site-packages/django_redis/cache.py", line 29, in _decorator
    return method(self, *args, **kwargs)
           ^^^^^^^^^^^^^^^^^^^^^^^^^^^^^
  File "/home/daniel/miniconda3/lib/python3.12/site-packages/django_redis/cache.py", line 138, in has_key
    return self.client.has_key(*args, **kwargs)
           ^^^^^^^^^^^^^^^^^^^^^^^^^^^^^^^^^^^^
  File "/home/daniel/miniconda3/lib/python3.12/site-packages/django_redis/client/default.py", line 670, in has_key
    raise ConnectionInterrupted(connection=client) from e
django_redis.exceptions.ConnectionInterrupted: Redis ConnectionError: Error 111 connecting to localhost:6379. Connection refused.

During handling of the above exception, another exception occurred:

Traceback (most recent call last):
  File "/home/daniel/miniconda3/lib/python3.12/site-packages/django/core/handlers/exception.py", line 55, in inner
    response = get_response(request)
               ^^^^^^^^^^^^^^^^^^^^^
  File "/home/daniel/miniconda3/lib/python3.12/site-packages/django/core/handlers/base.py", line 197, in _get_response
    response = wrapped_callback(request, *callback_args, **callback_kwargs)
               ^^^^^^^^^^^^^^^^^^^^^^^^^^^^^^^^^^^^^^^^^^^^^^^^^^^^^^^^^^^^
  File "/home/daniel/miniconda3/lib/python3.12/site-packages/django/utils/decorators.py", line 48, in _wrapper
    return bound_method(*args, **kwargs)
           ^^^^^^^^^^^^^^^^^^^^^^^^^^^^^
  File "/home/daniel/miniconda3/lib/python3.12/site-packages/django/views/decorators/cache.py", line 80, in _view_wrapper
    response = view_func(request, *args, **kwargs)
               ^^^^^^^^^^^^^^^^^^^^^^^^^^^^^^^^^^^
  File "/home/daniel/miniconda3/lib/python3.12/site-packages/django/contrib/admin/sites.py", line 449, in login
    return LoginView.as_view(**defaults)(request)
           ^^^^^^^^^^^^^^^^^^^^^^^^^^^^^^^^^^^^^^
  File "/home/daniel/miniconda3/lib/python3.12/site-packages/django/views/generic/base.py", line 105, in view
    return self.dispatch(request, *args, **kwargs)
           ^^^^^^^^^^^^^^^^^^^^^^^^^^^^^^^^^^^^^^^
  File "/home/daniel/miniconda3/lib/python3.12/site-packages/django/utils/decorators.py", line 48, in _wrapper
    return bound_method(*args, **kwargs)
           ^^^^^^^^^^^^^^^^^^^^^^^^^^^^^
  File "/home/daniel/miniconda3/lib/python3.12/site-packages/django/utils/decorators.py", line 48, in _wrapper
    return bound_method(*args, **kwargs)
           ^^^^^^^^^^^^^^^^^^^^^^^^^^^^^
  File "/home/daniel/miniconda3/lib/python3.12/site-packages/django/views/decorators/debug.py", line 143, in sensitive_post_parameters_wrapper
    return view(request, *args, **kwargs)
           ^^^^^^^^^^^^^^^^^^^^^^^^^^^^^^
  File "/home/daniel/miniconda3/lib/python3.12/site-packages/django/utils/decorators.py", line 48, in _wrapper
    return bound_method(*args, **kwargs)
           ^^^^^^^^^^^^^^^^^^^^^^^^^^^^^
  File "/home/daniel/miniconda3/lib/python3.12/site-packages/django/utils/decorators.py", line 192, in _view_wrapper
    result = _process_exception(request, e)
             ^^^^^^^^^^^^^^^^^^^^^^^^^^^^^^
  File "/home/daniel/miniconda3/lib/python3.12/site-packages/django/utils/decorators.py", line 190, in _view_wrapper
    response = view_func(request, *args, **kwargs)
               ^^^^^^^^^^^^^^^^^^^^^^^^^^^^^^^^^^^
  File "/home/daniel/miniconda3/lib/python3.12/site-packages/django/utils/decorators.py", line 48, in _wrapper
    return bound_method(*args, **kwargs)
           ^^^^^^^^^^^^^^^^^^^^^^^^^^^^^
  File "/home/daniel/miniconda3/lib/python3.12/site-packages/django/views/decorators/cache.py", line 80, in _view_wrapper
    response = view_func(request, *args, **kwargs)
               ^^^^^^^^^^^^^^^^^^^^^^^^^^^^^^^^^^^
  File "/home/daniel/miniconda3/lib/python3.12/site-packages/django/contrib/auth/views.py", line 89, in dispatch
    return super().dispatch(request, *args, **kwargs)
           ^^^^^^^^^^^^^^^^^^^^^^^^^^^^^^^^^^^^^^^^^^
  File "/home/daniel/miniconda3/lib/python3.12/site-packages/django/views/generic/base.py", line 144, in dispatch
    return handler(request, *args, **kwargs)
           ^^^^^^^^^^^^^^^^^^^^^^^^^^^^^^^^^
  File "/home/daniel/miniconda3/lib/python3.12/site-packages/django/views/generic/edit.py", line 151, in post
    return self.form_valid(form)
           ^^^^^^^^^^^^^^^^^^^^^
  File "/home/daniel/miniconda3/lib/python3.12/site-packages/django/contrib/auth/views.py", line 108, in form_valid
    auth_login(self.request, form.get_user())
  File "/home/daniel/miniconda3/lib/python3.12/site-packages/django/contrib/auth/__init__.py", line 187, in login
    request.session.cycle_key()
  File "/home/daniel/miniconda3/lib/python3.12/site-packages/django/contrib/sessions/backends/base.py", line 432, in cycle_key
    self.create()
  File "/home/daniel/miniconda3/lib/python3.12/site-packages/django/contrib/sessions/backends/cache.py", line 55, in create
    self._session_key = self._get_new_session_key()
                        ^^^^^^^^^^^^^^^^^^^^^^^^^^^
  File "/home/daniel/miniconda3/lib/python3.12/site-packages/django/contrib/sessions/backends/base.py", line 196, in _get_new_session_key
    if not self.exists(session_key):
           ^^^^^^^^^^^^^^^^^^^^^^^^
  File "/home/daniel/miniconda3/lib/python3.12/site-packages/django/contrib/sessions/backends/cache.py", line 117, in exists
    bool(session_key) and (self.cache_key_prefix + session_key) in self._cache
                          ^^^^^^^^^^^^^^^^^^^^^^^^^^^^^^^^^^^^^^^^^^^^^^^^^^^^
  File "/home/daniel/miniconda3/lib/python3.12/site-packages/django/core/cache/backends/base.py", line 301, in __contains__
    return self.has_key(key)
           ^^^^^^^^^^^^^^^^^
  File "/home/daniel/miniconda3/lib/python3.12/site-packages/django_redis/cache.py", line 36, in _decorator
    raise e.__cause__
  File "/home/daniel/miniconda3/lib/python3.12/site-packages/django_redis/client/default.py", line 668, in has_key
    return client.exists(key) == 1
           ^^^^^^^^^^^^^^^^^^
  File "/home/daniel/miniconda3/lib/python3.12/site-packages/redis/commands/core.py", line 1736, in exists
    return self.execute_command("EXISTS", *names)
           ^^^^^^^^^^^^^^^^^^^^^^^^^^^^^^^^^^^^^^
  File "/home/daniel/miniconda3/lib/python3.12/site-packages/redis/client.py", line 533, in execute_command
    conn = self.connection or pool.get_connection(command_name, **options)
                              ^^^^^^^^^^^^^^^^^^^^^^^^^^^^^^^^^^^^^^^^^^^^
  File "/home/daniel/miniconda3/lib/python3.12/site-packages/redis/connection.py", line 1086, in get_connection
    connection.connect()
  File "/home/daniel/miniconda3/lib/python3.12/site-packages/redis/connection.py", line 270, in connect
    raise ConnectionError(self._error_message(e))
redis.exceptions.ConnectionError: Error 111 connecting to localhost:6379. Connection refused.
"POST /admin/login/?next=/admin/ HTTP/1.1" 500 217280
Watching for file changes with StatReloader
"GET /admin/login/?next=/admin/ HTTP/1.1" 200 4229
"GET /static/admin/js/theme.js HTTP/1.1" 304 0
"GET /static/admin/js/nav_sidebar.js HTTP/1.1" 304 0
"POST /admin/login/?next=/admin/ HTTP/1.1" 302 0
"GET /admin/ HTTP/1.1" 200 13330
"GET /static/admin/css/dark_mode.css HTTP/1.1" 304 0
"GET /static/admin/css/base.css HTTP/1.1" 304 0
"GET /static/admin/js/theme.js HTTP/1.1" 304 0
"GET /static/admin/js/nav_sidebar.js HTTP/1.1" 304 0
"GET /static/admin/css/nav_sidebar.css HTTP/1.1" 304 0
"GET /static/admin/css/responsive.css HTTP/1.1" 304 0
"GET /static/admin/css/dashboard.css HTTP/1.1" 304 0
"GET /static/admin/img/icon-addlink.svg HTTP/1.1" 200 331
"GET /static/admin/img/icon-changelink.svg HTTP/1.1" 200 380
"GET /api/flight-requests/ HTTP/1.1" 200 52
"GET /api/flight-requests/ HTTP/1.1" 200 52
"GET /api/flight-requests/ HTTP/1.1" 200 52
"GET /api/flight-requests/ HTTP/1.1" 200 52
"GET /api/destinations/destinations/active-destinations/ HTTP/1.1" 200 378
"GET /api/destinations/destinations/active-destinations/ HTTP/1.1" 200 378
"POST /api/flight-requests/ HTTP/1.1" 201 70
"GET /api/flight-requests/ HTTP/1.1" 200 642
"GET /api/flight-requests/ HTTP/1.1" 200 642
"GET /api/destinations/destinations/active-destinations/ HTTP/1.1" 200 378
"GET /api/destinations/destinations/active-destinations/ HTTP/1.1" 200 378
"GET /api/flight-requests/ HTTP/1.1" 200 642
"GET /api/flight-requests/ HTTP/1.1" 200 642
"GET /api/destinations/destinations/active-destinations/ HTTP/1.1" 200 378
"GET /api/destinations/destinations/active-destinations/ HTTP/1.1" 200 378
"GET /api/flight-requests/ HTTP/1.1" 200 642
"GET /api/flight-requests/ HTTP/1.1" 200 642
"GET /admin/destinations/destination/ HTTP/1.1" 200 17164
"GET /static/admin/css/changelists.css HTTP/1.1" 304 0
"GET /static/admin/js/vendor/jquery/jquery.js HTTP/1.1" 304 0
"GET /static/admin/js/core.js HTTP/1.1" 304 0
"GET /static/admin/js/jquery.init.js HTTP/1.1" 304 0
"GET /static/admin/js/actions.js HTTP/1.1" 304 0
"GET /static/admin/js/admin/RelatedObjectLookups.js HTTP/1.1" 304 0
"GET /static/admin/js/filters.js HTTP/1.1" 200 978
"GET /admin/jsi18n/ HTTP/1.1" 200 8691
"GET /static/admin/js/vendor/xregexp/xregexp.js HTTP/1.1" 304 0
"GET /static/admin/js/prepopulate.js HTTP/1.1" 304 0
"GET /static/admin/js/urlify.js HTTP/1.1" 304 0
"GET /static/admin/img/search.svg HTTP/1.1" 200 458
"GET /static/admin/img/icon-yes.svg HTTP/1.1" 200 436
"GET /static/admin/img/tooltag-add.svg HTTP/1.1" 200 331
"GET /static/admin/img/sorting-icons.svg HTTP/1.1" 200 1097
"GET /static/admin/img/icon-viewlink.svg HTTP/1.1" 200 581
"GET /static/admin/js/actions.js HTTP/1.1" 200 8076
"GET /static/admin/js/vendor/jquery/jquery.js HTTP/1.1" 304 0
"GET /static/admin/js/core.js HTTP/1.1" 200 6208
"GET /admin/jsi18n/ HTTP/1.1" 200 8691
"GET /static/admin/js/jquery.init.js HTTP/1.1" 200 347
"GET /static/admin/js/vendor/xregexp/xregexp.js HTTP/1.1" 304 0
"GET /static/admin/js/filters.js HTTP/1.1" 304 0
"GET /static/admin/js/admin/RelatedObjectLookups.js HTTP/1.1" 200 9777
"GET /static/admin/js/urlify.js HTTP/1.1" 304 0
"GET /static/admin/js/prepopulate.js HTTP/1.1" 304 0
"GET /admin/flight_requests/flightrequest/ HTTP/1.1" 200 18845
"GET /admin/jsi18n/ HTTP/1.1" 200 8691
"GET /admin/flight_requests/flightrequest/1/change/ HTTP/1.1" 200 26975
"GET /admin/jsi18n/ HTTP/1.1" 200 8691
"GET /static/admin/css/forms.css HTTP/1.1" 304 0
"GET /static/admin/js/admin/DateTimeShortcuts.js HTTP/1.1" 200 19319
"GET /static/admin/js/calendar.js HTTP/1.1" 200 9141
"GET /static/admin/js/change_form.js HTTP/1.1" 200 606
"GET /static/admin/js/prepopulate_init.js HTTP/1.1" 304 0
"GET /static/admin/img/icon-deletelink.svg HTTP/1.1" 200 392
"GET /static/admin/css/widgets.css HTTP/1.1" 304 0
"GET /static/admin/img/icon-calendar.svg HTTP/1.1" 200 1086
"GET /admin/auth/group/ HTTP/1.1" 200 12825
"GET /api/flight-requests/ HTTP/1.1" 200 642
"GET /api/flight-requests/ HTTP/1.1" 200 642
"GET /api/flight-requests/ HTTP/1.1" 200 642
"GET /api/flight-requests/ HTTP/1.1" 200 642
"GET /admin/ HTTP/1.1" 200 13330
"POST /api/auth/logout/ HTTP/1.1" 200 37
"POST /api/auth/login/ HTTP/1.1" 200 264
"GET /api/flight-requests/ HTTP/1.1" 200 642
"GET /api/flight-requests/ HTTP/1.1" 200 642
"GET /api/destinations/destinations/active-destinations/ HTTP/1.1" 200 378
"GET /api/destinations/destinations/active-destinations/ HTTP/1.1" 200 378
"POST /api/flight-requests/ HTTP/1.1" 201 66
"GET /api/flight-requests/ HTTP/1.1" 200 1228
"GET /api/flight-requests/ HTTP/1.1" 200 1228
"GET /admin/destinations/destination/ HTTP/1.1" 200 17164
"GET /static/admin/js/theme.js HTTP/1.1" 304 0
"GET /static/admin/css/dark_mode.css HTTP/1.1" 200 2808
"GET /static/admin/css/base.css HTTP/1.1" 200 22120
"GET /static/admin/js/nav_sidebar.js HTTP/1.1" 304 0
"GET /static/admin/css/nav_sidebar.css HTTP/1.1" 200 2810
"GET /static/admin/css/responsive.css HTTP/1.1" 304 0
"GET /admin/jsi18n/ HTTP/1.1" 200 8691
"GET /admin/destinations/destination/add/ HTTP/1.1" 200 17346
"GET /admin/jsi18n/ HTTP/1.1" 200 8691
"POST /admin/destinations/destination/add/ HTTP/1.1" 302 0
"GET /admin/destinations/destination/ HTTP/1.1" 200 17856
"GET /admin/jsi18n/ HTTP/1.1" 200 8691
"GET /api/destinations/destinations/active-destinations/ HTTP/1.1" 200 378
"GET /api/destinations/destinations/active-destinations/ HTTP/1.1" 200 378
"GET /api/destinations/destinations/active-destinations/ HTTP/1.1" 200 378
"GET /api/destinations/destinations/active-destinations/ HTTP/1.1" 200 378
"GET /api/flight-requests/ HTTP/1.1" 200 1228
"GET /api/flight-requests/ HTTP/1.1" 200 1228
"GET /api/flight-requests/ HTTP/1.1" 200 1228
"GET /api/flight-requests/ HTTP/1.1" 200 1228
"GET /api/destinations/destinations/active-destinations/ HTTP/1.1" 200 378
"GET /api/destinations/destinations/active-destinations/ HTTP/1.1" 200 378
"GET /api/flight-requests/ HTTP/1.1" 200 1228
"GET /api/flight-requests/ HTTP/1.1" 200 1228
"POST /api/auth/logout/ HTTP/1.1" 200 37
"POST /api/auth/login/ HTTP/1.1" 200 264
"GET /api/flight-requests/ HTTP/1.1" 200 1228
"GET /api/flight-requests/ HTTP/1.1" 200 1228
"GET /api/destinations/destinations/active-destinations/ HTTP/1.1" 200 378
"GET /api/destinations/destinations/active-destinations/ HTTP/1.1" 200 378
Forbidden: /api/destinations/destinations/active-destinations/
"GET /api/destinations/destinations/active-destinations/ HTTP/1.1" 403 65
Forbidden: /api/destinations/destinations/active-destinations/
"GET /api/destinations/destinations/active-destinations/ HTTP/1.1" 403 65
Forbidden: /api/destinations/destinations/active-destinations/
"GET /api/destinations/destinations/active-destinations/ HTTP/1.1" 403 65
"GET /api/destinations/destinations/active-destinations/ HTTP/1.1" 200 378
"GET /api/destinations/destinations/active-destinations/ HTTP/1.1" 200 378
"GET /api/flight-requests/ HTTP/1.1" 200 1228
"GET /api/flight-requests/ HTTP/1.1" 200 1228
"GET /admin/ HTTP/1.1" 200 13694
"GET /static/admin/css/dashboard.css HTTP/1.1" 200 441
/home/daniel/Dropbox/PruebasTecnicas/SoftwareEvolutivo/EvolutionFlyApp/evolutionflyapp/evolutionflyapp/settings.py changed, reloading.
Watching for file changes with StatReloader
"GET /admin/destinations/destination/ HTTP/1.1" 200 17638
"GET /static/admin/js/jquery.init.js HTTP/1.1" 304 0
"GET /static/admin/js/core.js HTTP/1.1" 304 0
"GET /static/admin/js/vendor/jquery/jquery.js HTTP/1.1" 304 0
"GET /static/admin/js/actions.js HTTP/1.1" 304 0
"GET /static/admin/js/admin/RelatedObjectLookups.js HTTP/1.1" 304 0
"GET /static/admin/js/urlify.js HTTP/1.1" 304 0
"GET /static/admin/js/prepopulate.js HTTP/1.1" 304 0
"GET /static/admin/js/vendor/xregexp/xregexp.js HTTP/1.1" 304 0
"GET /static/admin/css/changelists.css HTTP/1.1" 200 6878
"GET /admin/jsi18n/ HTTP/1.1" 200 8691
"GET /admin/destinations/destination/add/ HTTP/1.1" 200 17346
"GET /static/admin/js/prepopulate_init.js HTTP/1.1" 304 0
"GET /static/admin/css/forms.css HTTP/1.1" 304 0
"GET /admin/jsi18n/ HTTP/1.1" 200 8691
"GET /static/admin/css/widgets.css HTTP/1.1" 200 11991
"GET /admin/users/user/ HTTP/1.1" 200 18954
"GET /admin/jsi18n/ HTTP/1.1" 200 8691
"POST /api/auth/logout/ HTTP/1.1" 200 37
"POST /api/auth/login/ HTTP/1.1" 200 264
"GET /api/flight-requests/ HTTP/1.1" 200 1228
"GET /api/flight-requests/ HTTP/1.1" 200 1228
"GET /api/destinations/destinations/active-destinations/ HTTP/1.1" 200 545
"GET /api/destinations/destinations/active-destinations/ HTTP/1.1" 200 545
"POST /api/flight-requests/ HTTP/1.1" 201 60
"GET /api/flight-requests/ HTTP/1.1" 200 1787
"GET /api/flight-requests/ HTTP/1.1" 200 1787
"GET /admin/flight_requests/flightrequest/ HTTP/1.1" 200 20564
"GET /admin/jsi18n/ HTTP/1.1" 200 8691
"GET /admin/flight_requests/flightrequest/3/change/ HTTP/1.1" 200 27010
"GET /admin/jsi18n/ HTTP/1.1" 200 8691
